-------------------------------------------------------------------------------
Test set: runners.TestRunner
-------------------------------------------------------------------------------
Tests run: 9, Failures: 0, Errors: 2, Skipped: 5, Time elapsed: 17.878 sec <<< FAILURE!
And choose to buy the first item(Scenario: Customer place an order by purchasing an item from search)  Time elapsed: 0.005 sec  <<< ERROR!
java.lang.IndexOutOfBoundsException: Index: 0, Size: 0
	at java.util.ArrayList.rangeCheck(ArrayList.java:659)
	at java.util.ArrayList.get(ArrayList.java:435)
	at sun.reflect.NativeMethodAccessorImpl.invoke0(Native Method)
	at sun.reflect.NativeMethodAccessorImpl.invoke(NativeMethodAccessorImpl.java:62)
	at sun.reflect.DelegatingMethodAccessorImpl.invoke(DelegatingMethodAccessorImpl.java:43)
	at java.lang.reflect.Method.invoke(Method.java:498)
	at org.openqa.selenium.support.pagefactory.internal.LocatingElementListHandler.invoke(LocatingElementListHandler.java:39)
	at com.sun.proxy.$Proxy21.get(Unknown Source)
	at pageObjects.ProductListingPage.getProductName(ProductListingPage.java:35)
	at stepDefinitions.ProductPageSteps.choose_to_buy_the_first_item(ProductPageSteps.java:20)
	at ✽.And choose to buy the first item(sample.feature:7)

Scenario: Customer place an order by purchasing an item from search  Time elapsed: 0.006 sec  <<< ERROR!
java.lang.IndexOutOfBoundsException: Index: 0, Size: 0
	at java.util.ArrayList.rangeCheck(ArrayList.java:659)
	at java.util.ArrayList.get(ArrayList.java:435)
	at sun.reflect.NativeMethodAccessorImpl.invoke0(Native Method)
	at sun.reflect.NativeMethodAccessorImpl.invoke(NativeMethodAccessorImpl.java:62)
	at sun.reflect.DelegatingMethodAccessorImpl.invoke(DelegatingMethodAccessorImpl.java:43)
	at java.lang.reflect.Method.invoke(Method.java:498)
	at org.openqa.selenium.support.pagefactory.internal.LocatingElementListHandler.invoke(LocatingElementListHandler.java:39)
	at com.sun.proxy.$Proxy21.get(Unknown Source)
	at pageObjects.ProductListingPage.getProductName(ProductListingPage.java:35)
	at stepDefinitions.ProductPageSteps.choose_to_buy_the_first_item(ProductPageSteps.java:20)
	at ✽.And choose to buy the first item(sample.feature:7)

